# JRE version: Java(TM) SE Runtime Environment (8.0_301-b09) (build 1.8.0_301-b09)
# Java VM: Java HotSpot(TM) 64-Bit Server VM (25.301-b09 mixed mode windows-amd64 compressed oops)
Heap:
 PSYoungGen      total 143872K, used 51287K [0x00000000d6600000, 0x00000000e0f00000, 0x0000000100000000)
  eden space 126976K, 27% used [0x00000000d6600000,0x00000000d8799240,0x00000000de200000)
  from space 16896K, 99% used [0x00000000df680000,0x00000000e06fca48,0x00000000e0700000)
  to   space 20992K, 0% used [0x00000000de200000,0x00000000de200000,0x00000000df680000)
 ParOldGen       total 86016K, used 40011K [0x0000000083200000, 0x0000000088600000, 0x00000000d6600000)
  object space 86016K, 46% used [0x0000000083200000,0x0000000085912d70,0x0000000088600000)
 Metaspace       used 19549K, capacity 19932K, committed 20224K, reserved 1067008K
  class space    used 2346K, capacity 2474K, committed 2560K, reserved 1048576K
GC Heap History (10 events):
Event: 1.188 GC heap before
{Heap before GC invocations=4 (full 0):
 PSYoungGen      total 37888K, used 37882K [0x00000000d6600000, 0x00000000db000000, 0x0000000100000000)
  eden space 32768K, 100% used [0x00000000d6600000,0x00000000d8600000,0x00000000d8600000)
  from space 5120K, 99% used [0x00000000d8600000,0x00000000d8afead0,0x00000000d8b00000)
  to   space 5120K, 0% used [0x00000000dab00000,0x00000000dab00000,0x00000000db000000)
 ParOldGen       total 86016K, used 1967K [0x0000000083200000, 0x0000000088600000, 0x00000000d6600000)
  object space 86016K, 2% used [0x0000000083200000,0x00000000833ebff8,0x0000000088600000)
 Metaspace       used 11863K, capacity 12044K, committed 12416K, reserved 1060864K
  class space    used 1453K, capacity 1544K, committed 1664K, reserved 1048576K
Event: 1.194 GC heap after
Heap after GC invocations=4 (full 0):
 PSYoungGen      total 70656K, used 5104K [0x00000000d6600000, 0x00000000db000000, 0x0000000100000000)
  eden space 65536K, 0% used [0x00000000d6600000,0x00000000d6600000,0x00000000da600000)
  from space 5120K, 99% used [0x00000000dab00000,0x00000000daffc070,0x00000000db000000)
  to   space 5120K, 0% used [0x00000000da600000,0x00000000da600000,0x00000000dab00000)
 ParOldGen       total 86016K, used 4494K [0x0000000083200000, 0x0000000088600000, 0x00000000d6600000)
  object space 86016K, 5% used [0x0000000083200000,0x00000000836638a0,0x0000000088600000)
 Metaspace       used 11863K, capacity 12044K, committed 12416K, reserved 1060864K
  class space    used 1453K, capacity 1544K, committed 1664K, reserved 1048576K
}
Event: 2.037 GC heap before
{Heap before GC invocations=5 (full 0):
 PSYoungGen      total 70656K, used 70640K [0x00000000d6600000, 0x00000000db000000, 0x0000000100000000)
  eden space 65536K, 100% used [0x00000000d6600000,0x00000000da600000,0x00000000da600000)
  from space 5120K, 99% used [0x00000000dab00000,0x00000000daffc070,0x00000000db000000)
  to   space 5120K, 0% used [0x00000000da600000,0x00000000da600000,0x00000000dab00000)
 ParOldGen       total 86016K, used 4494K [0x0000000083200000, 0x0000000088600000, 0x00000000d6600000)
  object space 86016K, 5% used [0x0000000083200000,0x00000000836638a0,0x0000000088600000)
 Metaspace       used 14922K, capacity 15124K, committed 15360K, reserved 1062912K
  class space    used 1858K, capacity 1932K, committed 2048K, reserved 1048576K
Event: 2.049 GC heap after
Heap after GC invocations=5 (full 0):
 PSYoungGen      total 70656K, used 5088K [0x00000000d6600000, 0x00000000e0700000, 0x0000000100000000)
  eden space 65536K, 0% used [0x00000000d6600000,0x00000000d6600000,0x00000000da600000)
  from space 5120K, 99% used [0x00000000da600000,0x00000000daaf8060,0x00000000dab00000)
  to   space 16896K, 0% used [0x00000000df680000,0x00000000df680000,0x00000000e0700000)
 ParOldGen       total 86016K, used 18589K [0x0000000083200000, 0x0000000088600000, 0x00000000d6600000)
  object space 86016K, 21% used [0x0000000083200000,0x0000000084427670,0x0000000088600000)
 Metaspace       used 14922K, capacity 15124K, committed 15360K, reserved 1062912K
  class space    used 1858K, capacity 1932K, committed 2048K, reserved 1048576K
}
Event: 2.559 GC heap before
{Heap before GC invocations=6 (full 0):
 PSYoungGen      total 70656K, used 70624K [0x00000000d6600000, 0x00000000e0700000, 0x0000000100000000)
  eden space 65536K, 100% used [0x00000000d6600000,0x00000000da600000,0x00000000da600000)
  from space 5120K, 99% used [0x00000000da600000,0x00000000daaf8060,0x00000000dab00000)
  to   space 16896K, 0% used [0x00000000df680000,0x00000000df680000,0x00000000e0700000)
 ParOldGen       total 86016K, used 18589K [0x0000000083200000, 0x0000000088600000, 0x00000000d6600000)
  object space 86016K, 21% used [0x0000000083200000,0x0000000084427670,0x0000000088600000)
 Metaspace       used 17677K, capacity 17928K, committed 18176K, reserved 1064960K
  class space    used 2171K, capacity 2266K, committed 2304K, reserved 1048576K
Event: 2.572 GC heap after
Heap after GC invocations=6 (full 0):
 PSYoungGen      total 143872K, used 16895K [0x00000000d6600000, 0x00000000e0f00000, 0x0000000100000000)
  eden space 126976K, 0% used [0x00000000d6600000,0x00000000d6600000,0x00000000de200000)
  from space 16896K, 99% used [0x00000000df680000,0x00000000e06ffd58,0x00000000e0700000)
  to   space 20992K, 0% used [0x00000000de200000,0x00000000de200000,0x00000000df680000)
 ParOldGen       total 86016K, used 19281K [0x0000000083200000, 0x0000000088600000, 0x00000000d6600000)
  object space 86016K, 22% used [0x0000000083200000,0x00000000844d4500,0x0000000088600000)
 Metaspace       used 17677K, capacity 17928K, committed 18176K, reserved 1064960K
  class space    used 2171K, capacity 2266K, committed 2304K, reserved 1048576K
}
Event: 3.134 GC heap before
{Heap before GC invocations=7 (full 0):
 PSYoungGen      total 143872K, used 143871K [0x00000000d6600000, 0x00000000e0f00000, 0x0000000100000000)
  eden space 126976K, 100% used [0x00000000d6600000,0x00000000de200000,0x00000000de200000)
  from space 16896K, 99% used [0x00000000df680000,0x00000000e06ffd58,0x00000000e0700000)
  to   space 20992K, 0% used [0x00000000de200000,0x00000000de200000,0x00000000df680000)
 ParOldGen       total 86016K, used 19281K [0x0000000083200000, 0x0000000088600000, 0x00000000d6600000)
  object space 86016K, 22% used [0x0000000083200000,0x00000000844d4500,0x0000000088600000)
 Metaspace       used 18757K, capacity 19102K, committed 19328K, reserved 1067008K
  class space    used 2266K, capacity 2375K, committed 2432K, reserved 1048576K
Event: 3.150 GC heap after
Heap after GC invocations=7 (full 0):
 PSYoungGen      total 147968K, used 20224K [0x00000000d6600000, 0x00000000e0f00000, 0x0000000100000000)
  eden space 126976K, 0% used [0x00000000d6600000,0x00000000d6600000,0x00000000de200000)
  from space 20992K, 96% used [0x00000000de200000,0x00000000df5c0390,0x00000000df680000)
  to   space 16896K, 0% used [0x00000000df680000,0x00000000df680000,0x00000000e0700000)
 ParOldGen       total 86016K, used 21502K [0x0000000083200000, 0x0000000088600000, 0x00000000d6600000)
  object space 86016K, 24% used [0x0000000083200000,0x00000000846ffa38,0x0000000088600000)
 Metaspace       used 18757K, capacity 19102K, committed 19328K, reserved 1067008K
  class space    used 2266K, capacity 2375K, committed 2432K, reserved 1048576K
}
Event: 3.646 GC heap before
{Heap before GC invocations=8 (full 0):
 PSYoungGen      total 147968K, used 147200K [0x00000000d6600000, 0x00000000e0f00000, 0x0000000100000000)
  eden space 126976K, 100% used [0x00000000d6600000,0x00000000de200000,0x00000000de200000)
  from space 20992K, 96% used [0x00000000de200000,0x00000000df5c0390,0x00000000df680000)
  to   space 16896K, 0% used [0x00000000df680000,0x00000000df680000,0x00000000e0700000)
 ParOldGen       total 86016K, used 21502K [0x0000000083200000, 0x0000000088600000, 0x00000000d6600000)
  object space 86016K, 24% used [0x0000000083200000,0x00000000846ffa38,0x0000000088600000)
 Metaspace       used 18880K, capacity 19230K, committed 19328K, reserved 1067008K
  class space    used 2271K, capacity 2375K, committed 2432K, reserved 1048576K
Event: 3.697 GC heap after
Heap after GC invocations=8 (full 0):
 PSYoungGen      total 143872K, used 16882K [0x00000000d6600000, 0x00000000e0f00000, 0x0000000100000000)
  eden space 126976K, 0% used [0x00000000d6600000,0x00000000d6600000,0x00000000de200000)
  from space 16896K, 99% used [0x00000000df680000,0x00000000e06fca48,0x00000000e0700000)
  to   space 20992K, 0% used [0x00000000de200000,0x00000000de200000,0x00000000df680000)
 ParOldGen       total 86016K, used 40011K [0x0000000083200000, 0x0000000088600000, 0x00000000d6600000)
  object space 86016K, 46% used [0x0000000083200000,0x0000000085912d70,0x0000000088600000)
 Metaspace       used 18880K, capacity 19230K, committed 19328K, reserved 1067008K
  class space    used 2271K, capacity 2375K, committed 2432K, reserved 1048576K
}

